<?xml version="1.0" encoding="UTF-8"?>
<testsuite xmlns:xsi="http://www.w3.org/2001/XMLSchema-instance" xsi:noNamespaceSchemaLocation="https://maven.apache.org/surefire/maven-surefire-plugin/xsd/surefire-test-report-3.0.xsd" version="3.0" name="com.jdc.students.model.StudentModelTest" time="0.091" tests="39" errors="0" skipped="0" failures="0">
  <properties>
[...]
</properties>
  <testcase name="test_find_by_id_initial_state(int)[1]" classname="com.jdc.students.model.StudentModelTest" time="0.015"/>
  <testcase name="test_find_by_id_initial_state(int)[2]" classname="com.jdc.students.model.StudentModelTest" time="0.0"/>
  <testcase name="test_find_by_id_initial_state(int)[3]" classname="com.jdc.students.model.StudentModelTest" time="0.0"/>
  <testcase name="test_find_by_id_initial_state(int)[4]" classname="com.jdc.students.model.StudentModelTest" time="0.0"/>
  <testcase name="test_find_by_id_initial_state(int)[5]" classname="com.jdc.students.model.StudentModelTest" time="0.0"/>
  <testcase name="test_find_update_initial_state(int, String, String, String, String)[1]" classname="com.jdc.students.model.StudentModelTest" time="0.003"/>
  <testcase name="test_find_update_initial_state(int, String, String, String, String)[2]" classname="com.jdc.students.model.StudentModelTest" time="0.001"/>
  <testcase name="test_find_update_initial_state(int, String, String, String, String)[3]" classname="com.jdc.students.model.StudentModelTest" time="0.003"/>
  <testcase name="test_find_update_initial_state(int, String, String, String, String)[4]" classname="com.jdc.students.model.StudentModelTest" time="0.001"/>
  <testcase name="test_find_update_initial_state(int, String, String, String, String)[5]" classname="com.jdc.students.model.StudentModelTest" time="0.0"/>
  <testcase name="test_search_initial_state(String, int)[1]" classname="com.jdc.students.model.StudentModelTest" time="0.002"/>
  <testcase name="test_search_initial_state(String, int)[2]" classname="com.jdc.students.model.StudentModelTest" time="0.0"/>
  <testcase name="test_search_initial_state(String, int)[3]" classname="com.jdc.students.model.StudentModelTest" time="0.0"/>
  <testcase name="test_search_initial_state(String, int)[4]" classname="com.jdc.students.model.StudentModelTest" time="0.001"/>
  <testcase name="test_search_initial_state(String, int)[5]" classname="com.jdc.students.model.StudentModelTest" time="0.001"/>
  <testcase name="test_create(int, String, String, String, String)[1]" classname="com.jdc.students.model.StudentModelTest" time="0.001"/>
  <testcase name="test_create(int, String, String, String, String)[2]" classname="com.jdc.students.model.StudentModelTest" time="0.0"/>
  <testcase name="test_create(int, String, String, String, String)[3]" classname="com.jdc.students.model.StudentModelTest" time="0.001"/>
  <testcase name="test_create(int, String, String, String, String)[4]" classname="com.jdc.students.model.StudentModelTest" time="0.0"/>
  <testcase name="test_create(int, String, String, String, String)[5]" classname="com.jdc.students.model.StudentModelTest" time="0.0"/>
  <testcase name="test_find_by_id_found(int, String, String, String, String)[1]" classname="com.jdc.students.model.StudentModelTest" time="0.001"/>
  <testcase name="test_find_by_id_found(int, String, String, String, String)[2]" classname="com.jdc.students.model.StudentModelTest" time="0.001"/>
  <testcase name="test_find_by_id_found(int, String, String, String, String)[3]" classname="com.jdc.students.model.StudentModelTest" time="0.0"/>
  <testcase name="test_find_by_id_found(int, String, String, String, String)[4]" classname="com.jdc.students.model.StudentModelTest" time="0.0"/>
  <testcase name="test_find_by_id_found(int, String, String, String, String)[5]" classname="com.jdc.students.model.StudentModelTest" time="0.001"/>
  <testcase name="test_find_by_id_not_found(int)[1]" classname="com.jdc.students.model.StudentModelTest" time="0.001"/>
  <testcase name="test_find_by_id_not_found(int)[2]" classname="com.jdc.students.model.StudentModelTest" time="0.0"/>
  <testcase name="test_find_by_id_not_found(int)[3]" classname="com.jdc.students.model.StudentModelTest" time="0.0"/>
  <testcase name="test_search(String, int)[1]" classname="com.jdc.students.model.StudentModelTest" time="0.0"/>
  <testcase name="test_search(String, int)[2]" classname="com.jdc.students.model.StudentModelTest" time="0.0"/>
  <testcase name="test_search(String, int)[3]" classname="com.jdc.students.model.StudentModelTest" time="0.001"/>
  <testcase name="test_search(String, int)[4]" classname="com.jdc.students.model.StudentModelTest" time="0.0"/>
  <testcase name="test_search(String, int)[5]" classname="com.jdc.students.model.StudentModelTest" time="0.0"/>
  <testcase name="test_update_success(int, String, String, String, String)[1]" classname="com.jdc.students.model.StudentModelTest" time="0.001"/>
  <testcase name="test_update_success(int, String, String, String, String)[2]" classname="com.jdc.students.model.StudentModelTest" time="0.0"/>
  <testcase name="test_update_success(int, String, String, String, String)[3]" classname="com.jdc.students.model.StudentModelTest" time="0.001"/>
  <testcase name="test_update_success(int, String, String, String, String)[4]" classname="com.jdc.students.model.StudentModelTest" time="0.0"/>
  <testcase name="test_update_success(int, String, String, String, String)[5]" classname="com.jdc.students.model.StudentModelTest" time="0.0"/>
  <testcase name="test_update_no_data(int, String, String, String, String)[1]" classname="com.jdc.students.model.StudentModelTest" time="0.0"/>
</testsuite>